Assuming unrestricted shared filesystem usage.
None
host: MacBook-Air-Liliana.local
Building DAG of jobs...
Using shell: /bin/bash
Provided cores: 4
Rules claiming more threads will be scaled down.
Job stats:
job      count
-----  -------
all          1
total        1

Select jobs to execute...
Execute 1 jobs...
[Tue May 27 16:23:00 2025]
localrule all:
    jobid: 0
    reason: Rules with neither input nor output files are always executed.
    resources: tmpdir=/var/folders/jf/fc2ycvxs58q7y72vn7vv9rxc0000gn/T

[Tue May 27 16:23:00 2025]
Finished jobid: 0 (Rule: all)
1 of 1 steps (100%) done
Complete log(s): /Users/liliana/Downloads/bioinf_bootcamp/.snakemake/log/2025-05-27T162300.792224.snakemake.log
