Assuming unrestricted shared filesystem usage.
None
host: MacBook-Air-Liliana.local
Building DAG of jobs...
Using shell: /bin/bash
Provided cores: 4
Rules claiming more threads will be scaled down.
Job stats:
job      count
-----  -------
all          1
fastp        8
total        9

Select jobs to execute...
Execute 4 jobs...
[Tue May 27 19:34:36 2025]
localrule fastp:
    input: reads/Sample_hst3.4.7/hst3.4.7_CTGAAGCT-TATAGCCT_L002_R1_001.fastq.gz, reads/Sample_hst3.4.7/hst3.4.7_CTGAAGCT-TATAGCCT_L002_R2_001.fastq.gz
    output: fastp_output/hst3.4.7_CTGAAGCT-TATAGCCT_L002/hst3.4.7_CTGAAGCT-TATAGCCT_L002_R1.trimmed.fastq.gz, fastp_output/hst3.4.7_CTGAAGCT-TATAGCCT_L002/hst3.4.7_CTGAAGCT-TATAGCCT_L002_R2.trimmed.fastq.gz, fastp_output/hst3.4.7_CTGAAGCT-TATAGCCT_L002/hst3.4.7_CTGAAGCT-TATAGCCT_L002_fastp.html, fastp_output/hst3.4.7_CTGAAGCT-TATAGCCT_L002/hst3.4.7_CTGAAGCT-TATAGCCT_L002_fastp.json
    jobid: 6
    reason: Missing output files: fastp_output/hst3.4.7_CTGAAGCT-TATAGCCT_L002/hst3.4.7_CTGAAGCT-TATAGCCT_L002_R2.trimmed.fastq.gz, fastp_output/hst3.4.7_CTGAAGCT-TATAGCCT_L002/hst3.4.7_CTGAAGCT-TATAGCCT_L002_fastp.html, fastp_output/hst3.4.7_CTGAAGCT-TATAGCCT_L002/hst3.4.7_CTGAAGCT-TATAGCCT_L002_R1.trimmed.fastq.gz; Code has changed since last execution
    wildcards: outdir=fastp_output, sample_lane=hst3.4.7_CTGAAGCT-TATAGCCT_L002
    resources: tmpdir=/var/folders/jf/fc2ycvxs58q7y72vn7vv9rxc0000gn/T

[Tue May 27 19:34:36 2025]
localrule fastp:
    input: reads/Sample_hst3.4.2/hst3.4.2_TCCGGAGA-TATAGCCT_L001_R1_001.fastq.gz, reads/Sample_hst3.4.2/hst3.4.2_TCCGGAGA-TATAGCCT_L001_R2_001.fastq.gz
    output: fastp_output/hst3.4.2_TCCGGAGA-TATAGCCT_L001/hst3.4.2_TCCGGAGA-TATAGCCT_L001_R1.trimmed.fastq.gz, fastp_output/hst3.4.2_TCCGGAGA-TATAGCCT_L001/hst3.4.2_TCCGGAGA-TATAGCCT_L001_R2.trimmed.fastq.gz, fastp_output/hst3.4.2_TCCGGAGA-TATAGCCT_L001/hst3.4.2_TCCGGAGA-TATAGCCT_L001_fastp.html, fastp_output/hst3.4.2_TCCGGAGA-TATAGCCT_L001/hst3.4.2_TCCGGAGA-TATAGCCT_L001_fastp.json
    jobid: 4
    reason: Missing output files: fastp_output/hst3.4.2_TCCGGAGA-TATAGCCT_L001/hst3.4.2_TCCGGAGA-TATAGCCT_L001_fastp.html, fastp_output/hst3.4.2_TCCGGAGA-TATAGCCT_L001/hst3.4.2_TCCGGAGA-TATAGCCT_L001_R1.trimmed.fastq.gz, fastp_output/hst3.4.2_TCCGGAGA-TATAGCCT_L001/hst3.4.2_TCCGGAGA-TATAGCCT_L001_R2.trimmed.fastq.gz; Code has changed since last execution
    wildcards: outdir=fastp_output, sample_lane=hst3.4.2_TCCGGAGA-TATAGCCT_L001
    resources: tmpdir=/var/folders/jf/fc2ycvxs58q7y72vn7vv9rxc0000gn/T

[Tue May 27 19:34:36 2025]
localrule fastp:
    input: reads/Sample_hst3.4.12/hst3.4.12_CGGCTATG-GGCTCTGA_L002_R1_001.fastq.gz, reads/Sample_hst3.4.12/hst3.4.12_CGGCTATG-GGCTCTGA_L002_R2_001.fastq.gz
    output: fastp_output/hst3.4.12_CGGCTATG-GGCTCTGA_L002/hst3.4.12_CGGCTATG-GGCTCTGA_L002_R1.trimmed.fastq.gz, fastp_output/hst3.4.12_CGGCTATG-GGCTCTGA_L002/hst3.4.12_CGGCTATG-GGCTCTGA_L002_R2.trimmed.fastq.gz, fastp_output/hst3.4.12_CGGCTATG-GGCTCTGA_L002/hst3.4.12_CGGCTATG-GGCTCTGA_L002_fastp.html, fastp_output/hst3.4.12_CGGCTATG-GGCTCTGA_L002/hst3.4.12_CGGCTATG-GGCTCTGA_L002_fastp.json
    jobid: 8
    reason: Missing output files: fastp_output/hst3.4.12_CGGCTATG-GGCTCTGA_L002/hst3.4.12_CGGCTATG-GGCTCTGA_L002_fastp.html, fastp_output/hst3.4.12_CGGCTATG-GGCTCTGA_L002/hst3.4.12_CGGCTATG-GGCTCTGA_L002_R1.trimmed.fastq.gz, fastp_output/hst3.4.12_CGGCTATG-GGCTCTGA_L002/hst3.4.12_CGGCTATG-GGCTCTGA_L002_R2.trimmed.fastq.gz; Code has changed since last execution
    wildcards: outdir=fastp_output, sample_lane=hst3.4.12_CGGCTATG-GGCTCTGA_L002
    resources: tmpdir=/var/folders/jf/fc2ycvxs58q7y72vn7vv9rxc0000gn/T

[Tue May 27 19:34:36 2025]
localrule fastp:
    input: reads/Sample_hst3.4.7/hst3.4.7_CTGAAGCT-TATAGCCT_L001_R1_001.fastq.gz, reads/Sample_hst3.4.7/hst3.4.7_CTGAAGCT-TATAGCCT_L001_R2_001.fastq.gz
    output: fastp_output/hst3.4.7_CTGAAGCT-TATAGCCT_L001/hst3.4.7_CTGAAGCT-TATAGCCT_L001_R1.trimmed.fastq.gz, fastp_output/hst3.4.7_CTGAAGCT-TATAGCCT_L001/hst3.4.7_CTGAAGCT-TATAGCCT_L001_R2.trimmed.fastq.gz, fastp_output/hst3.4.7_CTGAAGCT-TATAGCCT_L001/hst3.4.7_CTGAAGCT-TATAGCCT_L001_fastp.html, fastp_output/hst3.4.7_CTGAAGCT-TATAGCCT_L001/hst3.4.7_CTGAAGCT-TATAGCCT_L001_fastp.json
    jobid: 5
    reason: Missing output files: fastp_output/hst3.4.7_CTGAAGCT-TATAGCCT_L001/hst3.4.7_CTGAAGCT-TATAGCCT_L001_fastp.html, fastp_output/hst3.4.7_CTGAAGCT-TATAGCCT_L001/hst3.4.7_CTGAAGCT-TATAGCCT_L001_R1.trimmed.fastq.gz, fastp_output/hst3.4.7_CTGAAGCT-TATAGCCT_L001/hst3.4.7_CTGAAGCT-TATAGCCT_L001_R2.trimmed.fastq.gz; Code has changed since last execution
    wildcards: outdir=fastp_output, sample_lane=hst3.4.7_CTGAAGCT-TATAGCCT_L001
    resources: tmpdir=/var/folders/jf/fc2ycvxs58q7y72vn7vv9rxc0000gn/T

Select jobs to execute...
[Tue May 27 19:35:11 2025]
Finished jobid: 8 (Rule: fastp)
1 of 9 steps (11%) done
Execute 1 jobs...
[Tue May 27 19:35:11 2025]
localrule fastp:
    input: reads/Sample_hst3.4.1/hst3.4.1_ATTACTCG-TATAGCCT_L001_R1_001.fastq.gz, reads/Sample_hst3.4.1/hst3.4.1_ATTACTCG-TATAGCCT_L001_R2_001.fastq.gz
    output: fastp_output/hst3.4.1_ATTACTCG-TATAGCCT_L001/hst3.4.1_ATTACTCG-TATAGCCT_L001_R1.trimmed.fastq.gz, fastp_output/hst3.4.1_ATTACTCG-TATAGCCT_L001/hst3.4.1_ATTACTCG-TATAGCCT_L001_R2.trimmed.fastq.gz, fastp_output/hst3.4.1_ATTACTCG-TATAGCCT_L001/hst3.4.1_ATTACTCG-TATAGCCT_L001_fastp.html, fastp_output/hst3.4.1_ATTACTCG-TATAGCCT_L001/hst3.4.1_ATTACTCG-TATAGCCT_L001_fastp.json
    jobid: 1
    reason: Missing output files: fastp_output/hst3.4.1_ATTACTCG-TATAGCCT_L001/hst3.4.1_ATTACTCG-TATAGCCT_L001_fastp.html, fastp_output/hst3.4.1_ATTACTCG-TATAGCCT_L001/hst3.4.1_ATTACTCG-TATAGCCT_L001_R2.trimmed.fastq.gz, fastp_output/hst3.4.1_ATTACTCG-TATAGCCT_L001/hst3.4.1_ATTACTCG-TATAGCCT_L001_R1.trimmed.fastq.gz; Code has changed since last execution
    wildcards: outdir=fastp_output, sample_lane=hst3.4.1_ATTACTCG-TATAGCCT_L001
    resources: tmpdir=/var/folders/jf/fc2ycvxs58q7y72vn7vv9rxc0000gn/T

[Tue May 27 19:35:11 2025]
Finished jobid: 4 (Rule: fastp)
2 of 9 steps (22%) done
Select jobs to execute...
Execute 1 jobs...
[Tue May 27 19:35:11 2025]
localrule fastp:
    input: reads/Sample_hst3.4.2/hst3.4.2_TCCGGAGA-TATAGCCT_L002_R1_001.fastq.gz, reads/Sample_hst3.4.2/hst3.4.2_TCCGGAGA-TATAGCCT_L002_R2_001.fastq.gz
    output: fastp_output/hst3.4.2_TCCGGAGA-TATAGCCT_L002/hst3.4.2_TCCGGAGA-TATAGCCT_L002_R1.trimmed.fastq.gz, fastp_output/hst3.4.2_TCCGGAGA-TATAGCCT_L002/hst3.4.2_TCCGGAGA-TATAGCCT_L002_R2.trimmed.fastq.gz, fastp_output/hst3.4.2_TCCGGAGA-TATAGCCT_L002/hst3.4.2_TCCGGAGA-TATAGCCT_L002_fastp.html, fastp_output/hst3.4.2_TCCGGAGA-TATAGCCT_L002/hst3.4.2_TCCGGAGA-TATAGCCT_L002_fastp.json
    jobid: 3
    reason: Missing output files: fastp_output/hst3.4.2_TCCGGAGA-TATAGCCT_L002/hst3.4.2_TCCGGAGA-TATAGCCT_L002_fastp.html, fastp_output/hst3.4.2_TCCGGAGA-TATAGCCT_L002/hst3.4.2_TCCGGAGA-TATAGCCT_L002_R1.trimmed.fastq.gz, fastp_output/hst3.4.2_TCCGGAGA-TATAGCCT_L002/hst3.4.2_TCCGGAGA-TATAGCCT_L002_R2.trimmed.fastq.gz; Code has changed since last execution
    wildcards: outdir=fastp_output, sample_lane=hst3.4.2_TCCGGAGA-TATAGCCT_L002
    resources: tmpdir=/var/folders/jf/fc2ycvxs58q7y72vn7vv9rxc0000gn/T

Select jobs to execute...
[Tue May 27 19:35:17 2025]
Finished jobid: 6 (Rule: fastp)
3 of 9 steps (33%) done
Execute 1 jobs...
[Tue May 27 19:35:17 2025]
localrule fastp:
    input: reads/Sample_hst3.4.1/hst3.4.1_ATTACTCG-TATAGCCT_L002_R1_001.fastq.gz, reads/Sample_hst3.4.1/hst3.4.1_ATTACTCG-TATAGCCT_L002_R2_001.fastq.gz
    output: fastp_output/hst3.4.1_ATTACTCG-TATAGCCT_L002/hst3.4.1_ATTACTCG-TATAGCCT_L002_R1.trimmed.fastq.gz, fastp_output/hst3.4.1_ATTACTCG-TATAGCCT_L002/hst3.4.1_ATTACTCG-TATAGCCT_L002_R2.trimmed.fastq.gz, fastp_output/hst3.4.1_ATTACTCG-TATAGCCT_L002/hst3.4.1_ATTACTCG-TATAGCCT_L002_fastp.html, fastp_output/hst3.4.1_ATTACTCG-TATAGCCT_L002/hst3.4.1_ATTACTCG-TATAGCCT_L002_fastp.json
    jobid: 2
    reason: Missing output files: fastp_output/hst3.4.1_ATTACTCG-TATAGCCT_L002/hst3.4.1_ATTACTCG-TATAGCCT_L002_R1.trimmed.fastq.gz, fastp_output/hst3.4.1_ATTACTCG-TATAGCCT_L002/hst3.4.1_ATTACTCG-TATAGCCT_L002_R2.trimmed.fastq.gz, fastp_output/hst3.4.1_ATTACTCG-TATAGCCT_L002/hst3.4.1_ATTACTCG-TATAGCCT_L002_fastp.html; Code has changed since last execution
    wildcards: outdir=fastp_output, sample_lane=hst3.4.1_ATTACTCG-TATAGCCT_L002
    resources: tmpdir=/var/folders/jf/fc2ycvxs58q7y72vn7vv9rxc0000gn/T

Select jobs to execute...
[Tue May 27 19:35:18 2025]
Finished jobid: 5 (Rule: fastp)
4 of 9 steps (44%) done
Execute 1 jobs...
[Tue May 27 19:35:18 2025]
localrule fastp:
    input: reads/Sample_hst3.4.12/hst3.4.12_CGGCTATG-GGCTCTGA_L001_R1_001.fastq.gz, reads/Sample_hst3.4.12/hst3.4.12_CGGCTATG-GGCTCTGA_L001_R2_001.fastq.gz
    output: fastp_output/hst3.4.12_CGGCTATG-GGCTCTGA_L001/hst3.4.12_CGGCTATG-GGCTCTGA_L001_R1.trimmed.fastq.gz, fastp_output/hst3.4.12_CGGCTATG-GGCTCTGA_L001/hst3.4.12_CGGCTATG-GGCTCTGA_L001_R2.trimmed.fastq.gz, fastp_output/hst3.4.12_CGGCTATG-GGCTCTGA_L001/hst3.4.12_CGGCTATG-GGCTCTGA_L001_fastp.html, fastp_output/hst3.4.12_CGGCTATG-GGCTCTGA_L001/hst3.4.12_CGGCTATG-GGCTCTGA_L001_fastp.json
    jobid: 7
    reason: Missing output files: fastp_output/hst3.4.12_CGGCTATG-GGCTCTGA_L001/hst3.4.12_CGGCTATG-GGCTCTGA_L001_R2.trimmed.fastq.gz, fastp_output/hst3.4.12_CGGCTATG-GGCTCTGA_L001/hst3.4.12_CGGCTATG-GGCTCTGA_L001_R1.trimmed.fastq.gz, fastp_output/hst3.4.12_CGGCTATG-GGCTCTGA_L001/hst3.4.12_CGGCTATG-GGCTCTGA_L001_fastp.html; Code has changed since last execution
    wildcards: outdir=fastp_output, sample_lane=hst3.4.12_CGGCTATG-GGCTCTGA_L001
    resources: tmpdir=/var/folders/jf/fc2ycvxs58q7y72vn7vv9rxc0000gn/T

[Tue May 27 19:35:47 2025]
Finished jobid: 3 (Rule: fastp)
5 of 9 steps (56%) done
[Tue May 27 19:35:48 2025]
Finished jobid: 1 (Rule: fastp)
6 of 9 steps (67%) done
[Tue May 27 19:35:52 2025]
Finished jobid: 7 (Rule: fastp)
7 of 9 steps (78%) done
[Tue May 27 19:35:53 2025]
Finished jobid: 2 (Rule: fastp)
8 of 9 steps (89%) done
Select jobs to execute...
Execute 1 jobs...
[Tue May 27 19:35:53 2025]
localrule all:
    input: fastp_output/hst3.4.1_ATTACTCG-TATAGCCT_L001/hst3.4.1_ATTACTCG-TATAGCCT_L001_fastp.html, fastp_output/hst3.4.1_ATTACTCG-TATAGCCT_L002/hst3.4.1_ATTACTCG-TATAGCCT_L002_fastp.html, fastp_output/hst3.4.2_TCCGGAGA-TATAGCCT_L002/hst3.4.2_TCCGGAGA-TATAGCCT_L002_fastp.html, fastp_output/hst3.4.2_TCCGGAGA-TATAGCCT_L001/hst3.4.2_TCCGGAGA-TATAGCCT_L001_fastp.html, fastp_output/hst3.4.7_CTGAAGCT-TATAGCCT_L001/hst3.4.7_CTGAAGCT-TATAGCCT_L001_fastp.html, fastp_output/hst3.4.7_CTGAAGCT-TATAGCCT_L002/hst3.4.7_CTGAAGCT-TATAGCCT_L002_fastp.html, fastp_output/hst3.4.12_CGGCTATG-GGCTCTGA_L001/hst3.4.12_CGGCTATG-GGCTCTGA_L001_fastp.html, fastp_output/hst3.4.12_CGGCTATG-GGCTCTGA_L002/hst3.4.12_CGGCTATG-GGCTCTGA_L002_fastp.html, fastp_output/hst3.4.1_ATTACTCG-TATAGCCT_L001/hst3.4.1_ATTACTCG-TATAGCCT_L001_R1.trimmed.fastq.gz, fastp_output/hst3.4.1_ATTACTCG-TATAGCCT_L002/hst3.4.1_ATTACTCG-TATAGCCT_L002_R1.trimmed.fastq.gz, fastp_output/hst3.4.2_TCCGGAGA-TATAGCCT_L002/hst3.4.2_TCCGGAGA-TATAGCCT_L002_R1.trimmed.fastq.gz, fastp_output/hst3.4.2_TCCGGAGA-TATAGCCT_L001/hst3.4.2_TCCGGAGA-TATAGCCT_L001_R1.trimmed.fastq.gz, fastp_output/hst3.4.7_CTGAAGCT-TATAGCCT_L001/hst3.4.7_CTGAAGCT-TATAGCCT_L001_R1.trimmed.fastq.gz, fastp_output/hst3.4.7_CTGAAGCT-TATAGCCT_L002/hst3.4.7_CTGAAGCT-TATAGCCT_L002_R1.trimmed.fastq.gz, fastp_output/hst3.4.12_CGGCTATG-GGCTCTGA_L001/hst3.4.12_CGGCTATG-GGCTCTGA_L001_R1.trimmed.fastq.gz, fastp_output/hst3.4.12_CGGCTATG-GGCTCTGA_L002/hst3.4.12_CGGCTATG-GGCTCTGA_L002_R1.trimmed.fastq.gz, fastp_output/hst3.4.1_ATTACTCG-TATAGCCT_L001/hst3.4.1_ATTACTCG-TATAGCCT_L001_R2.trimmed.fastq.gz, fastp_output/hst3.4.1_ATTACTCG-TATAGCCT_L002/hst3.4.1_ATTACTCG-TATAGCCT_L002_R2.trimmed.fastq.gz, fastp_output/hst3.4.2_TCCGGAGA-TATAGCCT_L002/hst3.4.2_TCCGGAGA-TATAGCCT_L002_R2.trimmed.fastq.gz, fastp_output/hst3.4.2_TCCGGAGA-TATAGCCT_L001/hst3.4.2_TCCGGAGA-TATAGCCT_L001_R2.trimmed.fastq.gz, fastp_output/hst3.4.7_CTGAAGCT-TATAGCCT_L001/hst3.4.7_CTGAAGCT-TATAGCCT_L001_R2.trimmed.fastq.gz, fastp_output/hst3.4.7_CTGAAGCT-TATAGCCT_L002/hst3.4.7_CTGAAGCT-TATAGCCT_L002_R2.trimmed.fastq.gz, fastp_output/hst3.4.12_CGGCTATG-GGCTCTGA_L001/hst3.4.12_CGGCTATG-GGCTCTGA_L001_R2.trimmed.fastq.gz, fastp_output/hst3.4.12_CGGCTATG-GGCTCTGA_L002/hst3.4.12_CGGCTATG-GGCTCTGA_L002_R2.trimmed.fastq.gz
    jobid: 0
    reason: Input files updated by another job: fastp_output/hst3.4.7_CTGAAGCT-TATAGCCT_L002/hst3.4.7_CTGAAGCT-TATAGCCT_L002_R2.trimmed.fastq.gz, fastp_output/hst3.4.7_CTGAAGCT-TATAGCCT_L002/hst3.4.7_CTGAAGCT-TATAGCCT_L002_fastp.html, fastp_output/hst3.4.2_TCCGGAGA-TATAGCCT_L002/hst3.4.2_TCCGGAGA-TATAGCCT_L002_R1.trimmed.fastq.gz, fastp_output/hst3.4.2_TCCGGAGA-TATAGCCT_L002/hst3.4.2_TCCGGAGA-TATAGCCT_L002_fastp.html, fastp_output/hst3.4.1_ATTACTCG-TATAGCCT_L001/hst3.4.1_ATTACTCG-TATAGCCT_L001_R2.trimmed.fastq.gz, fastp_output/hst3.4.1_ATTACTCG-TATAGCCT_L001/hst3.4.1_ATTACTCG-TATAGCCT_L001_R1.trimmed.fastq.gz, fastp_output/hst3.4.12_CGGCTATG-GGCTCTGA_L001/hst3.4.12_CGGCTATG-GGCTCTGA_L001_R1.trimmed.fastq.gz, fastp_output/hst3.4.2_TCCGGAGA-TATAGCCT_L001/hst3.4.2_TCCGGAGA-TATAGCCT_L001_R2.trimmed.fastq.gz, fastp_output/hst3.4.12_CGGCTATG-GGCTCTGA_L002/hst3.4.12_CGGCTATG-GGCTCTGA_L002_R1.trimmed.fastq.gz, fastp_output/hst3.4.7_CTGAAGCT-TATAGCCT_L001/hst3.4.7_CTGAAGCT-TATAGCCT_L001_R2.trimmed.fastq.gz, fastp_output/hst3.4.2_TCCGGAGA-TATAGCCT_L002/hst3.4.2_TCCGGAGA-TATAGCCT_L002_R2.trimmed.fastq.gz, fastp_output/hst3.4.2_TCCGGAGA-TATAGCCT_L001/hst3.4.2_TCCGGAGA-TATAGCCT_L001_fastp.html, fastp_output/hst3.4.7_CTGAAGCT-TATAGCCT_L001/hst3.4.7_CTGAAGCT-TATAGCCT_L001_fastp.html, fastp_output/hst3.4.7_CTGAAGCT-TATAGCCT_L001/hst3.4.7_CTGAAGCT-TATAGCCT_L001_R1.trimmed.fastq.gz, fastp_output/hst3.4.7_CTGAAGCT-TATAGCCT_L002/hst3.4.7_CTGAAGCT-TATAGCCT_L002_R1.trimmed.fastq.gz, fastp_output/hst3.4.12_CGGCTATG-GGCTCTGA_L001/hst3.4.12_CGGCTATG-GGCTCTGA_L001_R2.trimmed.fastq.gz, fastp_output/hst3.4.12_CGGCTATG-GGCTCTGA_L002/hst3.4.12_CGGCTATG-GGCTCTGA_L002_fastp.html, fastp_output/hst3.4.1_ATTACTCG-TATAGCCT_L002/hst3.4.1_ATTACTCG-TATAGCCT_L002_R2.trimmed.fastq.gz, fastp_output/hst3.4.2_TCCGGAGA-TATAGCCT_L001/hst3.4.2_TCCGGAGA-TATAGCCT_L001_R1.trimmed.fastq.gz, fastp_output/hst3.4.12_CGGCTATG-GGCTCTGA_L001/hst3.4.12_CGGCTATG-GGCTCTGA_L001_fastp.html, fastp_output/hst3.4.1_ATTACTCG-TATAGCCT_L002/hst3.4.1_ATTACTCG-TATAGCCT_L002_R1.trimmed.fastq.gz, fastp_output/hst3.4.1_ATTACTCG-TATAGCCT_L002/hst3.4.1_ATTACTCG-TATAGCCT_L002_fastp.html, fastp_output/hst3.4.1_ATTACTCG-TATAGCCT_L001/hst3.4.1_ATTACTCG-TATAGCCT_L001_fastp.html, fastp_output/hst3.4.12_CGGCTATG-GGCTCTGA_L002/hst3.4.12_CGGCTATG-GGCTCTGA_L002_R2.trimmed.fastq.gz
    resources: tmpdir=/var/folders/jf/fc2ycvxs58q7y72vn7vv9rxc0000gn/T

[Tue May 27 19:35:53 2025]
Finished jobid: 0 (Rule: all)
9 of 9 steps (100%) done
Complete log(s): /Users/liliana/Downloads/bioinf_bootcamp/.snakemake/log/2025-05-27T193436.106218.snakemake.log
